<?xml version='1.0' encoding='UTF-8'?>
<testsuites name='BarcodeHeroTests.xctest' tests='10' failures='10'>
  <testsuite name='BarcodeHeroTests.BarcodeHeroTests' tests='10' failures='10'>
    <testcase classname='BarcodeHeroTests.BarcodeHeroTests' name='testNoThrow'>
      <failure message='failed - Data &apos;Example&apos; is invalid for barcode type &apos;Code 39&apos;.'>
        /Users/brian/Projects/BarcodeHero-iOS/BarcodeHero/BarcodeHeroTests/BarcodeHeroTests.swift:34
      </failure>
    </testcase>
    <testcase classname='BarcodeHeroTests.BarcodeHeroTests' name='testNoThrow'>
      <failure message='failed - Data &apos;Example&apos; is invalid for barcode type &apos;Code 39 mod 43&apos;.'>
        /Users/brian/Projects/BarcodeHero-iOS/BarcodeHero/BarcodeHeroTests/BarcodeHeroTests.swift:34
      </failure>
    </testcase>
    <testcase classname='BarcodeHeroTests.BarcodeHeroTests' name='testNoThrow'>
      <failure message='failed - Data &apos;Example&apos; is invalid for barcode type &apos;Code 93&apos;.'>
        /Users/brian/Projects/BarcodeHero-iOS/BarcodeHero/BarcodeHeroTests/BarcodeHeroTests.swift:34
      </failure>
    </testcase>
    <testcase classname='BarcodeHeroTests.BarcodeHeroTests' name='testNoThrow'>
      <failure message='failed - Data &apos;Example&apos; is invalid for barcode type &apos;EAN-8&apos;.'>
        /Users/brian/Projects/BarcodeHero-iOS/BarcodeHero/BarcodeHeroTests/BarcodeHeroTests.swift:34
      </failure>
    </testcase>
    <testcase classname='BarcodeHeroTests.BarcodeHeroTests' name='testNoThrow'>
      <failure message='failed - Data &apos;Example&apos; is invalid for barcode type &apos;EAN-13&apos;.'>
        /Users/brian/Projects/BarcodeHero-iOS/BarcodeHero/BarcodeHeroTests/BarcodeHeroTests.swift:34
      </failure>
    </testcase>
    <testcase classname='BarcodeHeroTests.BarcodeHeroTests' name='testNoThrow'>
      <failure message='failed - Data &apos;Example&apos; is invalid for barcode type &apos;ISBN-13&apos;.'>
        /Users/brian/Projects/BarcodeHero-iOS/BarcodeHero/BarcodeHeroTests/BarcodeHeroTests.swift:34
      </failure>
    </testcase>
    <testcase classname='BarcodeHeroTests.BarcodeHeroTests' name='testNoThrow'>
      <failure message='failed - Data &apos;Example&apos; is invalid for barcode type &apos;ISSN-13&apos;.'>
        /Users/brian/Projects/BarcodeHero-iOS/BarcodeHero/BarcodeHeroTests/BarcodeHeroTests.swift:34
      </failure>
    </testcase>
    <testcase classname='BarcodeHeroTests.BarcodeHeroTests' name='testNoThrow'>
      <failure message='failed - Data &apos;Example&apos; is invalid for barcode type &apos;Interleaved 2 of 5&apos;.'>
        /Users/brian/Projects/BarcodeHero-iOS/BarcodeHero/BarcodeHeroTests/BarcodeHeroTests.swift:34
      </failure>
    </testcase>
    <testcase classname='BarcodeHeroTests.BarcodeHeroTests' name='testNoThrow'>
      <failure message='failed - Data &apos;Example&apos; is invalid for barcode type &apos;ITF-14&apos;.'>
        /Users/brian/Projects/BarcodeHero-iOS/BarcodeHero/BarcodeHeroTests/BarcodeHeroTests.swift:34
      </failure>
    </testcase>
    <testcase classname='BarcodeHeroTests.BarcodeHeroTests' name='testNoThrow'>
      <failure message='failed - Data &apos;Example&apos; is invalid for barcode type &apos;UPC-E&apos;.'>
        /Users/brian/Projects/BarcodeHero-iOS/BarcodeHero/BarcodeHeroTests/BarcodeHeroTests.swift:34
      </failure>
    </testcase>
  </testsuite>
</testsuites>